<?xml version="1.0" encoding="UTF-8"?>
<testsuite xmlns:xsi="http://www.w3.org/2001/XMLSchema-instance" xsi:noNamespaceSchemaLocation="https://maven.apache.org/surefire/maven-surefire-plugin/xsd/surefire-test-report.xsd" version="3.0.2" name="com.spring.web_game.controller.PlayerControllerTest" time="4.632" tests="2" errors="0" skipped="0" failures="0">
  <properties>
[...]
</properties>
  <testcase name="testLoginSuccess" classname="com.spring.web_game.controller.PlayerControllerTest" time="0.752">
    <system-out><![CDATA[23:40:11.764 [main] INFO org.springframework.test.context.support.AnnotationConfigContextLoaderUtils -- Could not detect default configuration classes for test class [com.spring.web_game.controller.PlayerControllerTest]: PlayerControllerTest does not declare any static, non-private, non-final, nested classes annotated with @Configuration.
23:40:11.888 [main] INFO org.springframework.boot.test.context.SpringBootTestContextBootstrapper -- Found @SpringBootConfiguration com.spring.web_game.WebGameApplication for test class com.spring.web_game.controller.PlayerControllerTest
23:40:12.016 [main] INFO org.springframework.boot.devtools.restart.RestartApplicationListener -- Restart disabled due to context in which it is running

  .   ____          _            __ _ _
 /\\ / ___'_ __ _ _(_)_ __  __ _ \ \ \ \
( ( )\___ | '_ | '_| | '_ \/ _` | \ \ \ \
 \\/  ___)| |_)| | | | | || (_| |  ) ) ) )
  '  |____| .__|_| |_|_| |_\__, | / / / /
 =========|_|==============|___/=/_/_/_/

 :: Spring Boot ::                (v3.4.1)

2025-01-10T23:40:12.265-05:00  INFO 41630 --- [web-game] [           main] c.s.w.controller.PlayerControllerTest    : Starting PlayerControllerTest using Java 23.0.1 with PID 41630 (started by hirog in /Users/hirog/Desktop/white-box/white-box/web_game)
2025-01-10T23:40:12.266-05:00  INFO 41630 --- [web-game] [           main] c.s.w.controller.PlayerControllerTest    : No active profile set, falling back to 1 default profile: "default"
2025-01-10T23:40:12.818-05:00  INFO 41630 --- [web-game] [           main] .s.d.r.c.RepositoryConfigurationDelegate : Bootstrapping Spring Data JPA repositories in DEFAULT mode.
2025-01-10T23:40:12.871-05:00  INFO 41630 --- [web-game] [           main] .s.d.r.c.RepositoryConfigurationDelegate : Finished Spring Data repository scanning in 44 ms. Found 3 JPA repository interfaces.
2025-01-10T23:40:13.303-05:00  INFO 41630 --- [web-game] [           main] o.hibernate.jpa.internal.util.LogHelper  : HHH000204: Processing PersistenceUnitInfo [name: default]
2025-01-10T23:40:13.359-05:00  INFO 41630 --- [web-game] [           main] org.hibernate.Version                    : HHH000412: Hibernate ORM core version 6.6.4.Final
2025-01-10T23:40:13.386-05:00  INFO 41630 --- [web-game] [           main] o.h.c.internal.RegionFactoryInitiator    : HHH000026: Second-level cache disabled
2025-01-10T23:40:13.627-05:00  INFO 41630 --- [web-game] [           main] o.s.o.j.p.SpringPersistenceUnitInfo      : No LoadTimeWeaver setup: ignoring JPA class transformer
2025-01-10T23:40:13.650-05:00  INFO 41630 --- [web-game] [           main] com.zaxxer.hikari.HikariDataSource       : HikariPool-1 - Starting...
2025-01-10T23:40:13.806-05:00  INFO 41630 --- [web-game] [           main] com.zaxxer.hikari.pool.HikariPool        : HikariPool-1 - Added connection conn0: url=jdbc:h2:mem:testdb user=SA
2025-01-10T23:40:13.807-05:00  INFO 41630 --- [web-game] [           main] com.zaxxer.hikari.HikariDataSource       : HikariPool-1 - Start completed.
2025-01-10T23:40:13.870-05:00  INFO 41630 --- [web-game] [           main] org.hibernate.orm.connections.pooling    : HHH10001005: Database info:
	Database JDBC URL [Connecting through datasource 'HikariDataSource (HikariPool-1)']
	Database driver: undefined/unknown
	Database version: 2.1.214
	Autocommit mode: undefined/unknown
	Isolation level: undefined/unknown
	Minimum pool size: undefined/unknown
	Maximum pool size: undefined/unknown
2025-01-10T23:40:14.424-05:00  INFO 41630 --- [web-game] [           main] o.h.m.i.EntityInstantiatorPojoStandard   : HHH000182: No default (no-argument) constructor for class: com.spring.web_game.model.ScoreModel (class must be instantiated by Interceptor)
2025-01-10T23:40:14.483-05:00  INFO 41630 --- [web-game] [           main] o.h.m.i.EntityInstantiatorPojoStandard   : HHH000182: No default (no-argument) constructor for class: com.spring.web_game.model.GameModel (class must be instantiated by Interceptor)
2025-01-10T23:40:14.641-05:00  INFO 41630 --- [web-game] [           main] o.h.e.t.j.p.i.JtaPlatformInitiator       : HHH000489: No JTA platform available (set 'hibernate.transaction.jta.platform' to enable JTA platform integration)
Hibernate: drop table if exists game_model cascade 
Hibernate: drop table if exists player_model cascade 
Hibernate: drop table if exists score_model cascade 
Hibernate: create table game_model (is_hightest_score_best boolean default false not null, id bigint generated by default as identity, game_code varchar(255), game_title varchar(255) not null unique, primary key (id))
Hibernate: create table player_model (id bigint generated by default as identity, email_addr varchar(255) not null unique, family_name varchar(255) not null, first_name varchar(255) not null, password varchar(255) not null, profile_img blob, primary key (id))
Hibernate: create table score_model (game_score integer not null, game_model_id bigint not null, id bigint generated by default as identity, playermodel_id bigint not null, primary key (id))
Hibernate: alter table if exists score_model add constraint FKmw6eko6tapela2mwujsrxpjne foreign key (game_model_id) references game_model
Hibernate: alter table if exists score_model add constraint FKss5xfyoa0mkbhxxe9fjh2s2c foreign key (playermodel_id) references player_model
2025-01-10T23:40:14.694-05:00  INFO 41630 --- [web-game] [           main] j.LocalContainerEntityManagerFactoryBean : Initialized JPA EntityManagerFactory for persistence unit 'default'
2025-01-10T23:40:15.082-05:00  WARN 41630 --- [web-game] [           main] JpaBaseConfiguration$JpaWebConfiguration : spring.jpa.open-in-view is enabled by default. Therefore, database queries may be performed during view rendering. Explicitly configure spring.jpa.open-in-view to disable this warning
2025-01-10T23:40:15.381-05:00  INFO 41630 --- [web-game] [           main] o.s.b.a.h2.H2ConsoleAutoConfiguration    : H2 console available at '/h2-console'. Database available at 'jdbc:h2:mem:testdb'
2025-01-10T23:40:15.436-05:00  INFO 41630 --- [web-game] [           main] o.s.b.t.m.w.SpringBootMockServletContext : Initializing Spring TestDispatcherServlet ''
2025-01-10T23:40:15.437-05:00  INFO 41630 --- [web-game] [           main] o.s.t.web.servlet.TestDispatcherServlet  : Initializing Servlet ''
2025-01-10T23:40:15.439-05:00  INFO 41630 --- [web-game] [           main] o.s.t.web.servlet.TestDispatcherServlet  : Completed initialization in 1 ms
2025-01-10T23:40:15.464-05:00  INFO 41630 --- [web-game] [           main] c.s.w.controller.PlayerControllerTest    : Started PlayerControllerTest in 3.458 seconds (process running for 4.272)
Hibernate: select pm1_0.id,pm1_0.email_addr,pm1_0.family_name,pm1_0.first_name,pm1_0.password,pm1_0.profile_img from player_model pm1_0
Hibernate: insert into player_model (email_addr,family_name,first_name,password,profile_img,id) values (?,?,?,?,?,default)
Hibernate: select pm1_0.id,pm1_0.email_addr,pm1_0.family_name,pm1_0.first_name,pm1_0.password,pm1_0.profile_img from player_model pm1_0 where pm1_0.email_addr=?
]]></system-out>
    <system-err><![CDATA[Mockito is currently self-attaching to enable the inline-mock-maker. This will no longer work in future releases of the JDK. Please add Mockito as an agent to your build what is described in Mockito's documentation: https://javadoc.io/doc/org.mockito/mockito-core/latest/org/mockito/Mockito.html#0.3
WARNING: A Java agent has been loaded dynamically (/Users/hirog/.m2/repository/net/bytebuddy/byte-buddy-agent/1.15.11/byte-buddy-agent-1.15.11.jar)
WARNING: If a serviceability tool is in use, please run with -XX:+EnableDynamicAgentLoading to hide this warning
WARNING: If a serviceability tool is not in use, please run with -Djdk.instrument.traceUsage for more information
WARNING: Dynamic loading of agents will be disallowed by default in a future release
]]></system-err>
  </testcase>
  <testcase name="testLoginFailure" classname="com.spring.web_game.controller.PlayerControllerTest" time="0.025">
    <system-out><![CDATA[Hibernate: select pm1_0.id,pm1_0.email_addr,pm1_0.family_name,pm1_0.first_name,pm1_0.password,pm1_0.profile_img from player_model pm1_0
Hibernate: select sl1_0.playermodel_id,sl1_0.id,sl1_0.game_model_id,g1_0.id,g1_0.game_code,g1_0.game_title,g1_0.is_hightest_score_best,sl1_0.game_score from score_model sl1_0 left join game_model g1_0 on g1_0.id=sl1_0.game_model_id where sl1_0.playermodel_id=?
Hibernate: delete from player_model where id=?
Hibernate: insert into player_model (email_addr,family_name,first_name,password,profile_img,id) values (?,?,?,?,?,default)
Hibernate: select pm1_0.id,pm1_0.email_addr,pm1_0.family_name,pm1_0.first_name,pm1_0.password,pm1_0.profile_img from player_model pm1_0 where pm1_0.email_addr=?
]]></system-out>
  </testcase>
</testsuite>